2020-11-05 14:08:52,706 INFO org.springframework.boot.StartupInfoLogger [restartedMain] Starting SparkwebApplication on LAPTOP-O85QKSBQ with PID 23512 (E:\Develop\py-spark\pk-sparkweb\target\classes started by 32981 in E:\Develop\py-spark)
2020-11-05 14:08:52,710 INFO org.springframework.boot.SpringApplication [restartedMain] No active profile set, falling back to default profiles: default
2020-11-05 14:08:52,763 INFO org.springframework.boot.logging.DeferredLog [restartedMain] Devtools property defaults active! Set 'spring.devtools.add-properties' to 'false' to disable
2020-11-05 14:08:52,763 INFO org.springframework.boot.logging.DeferredLog [restartedMain] For additional web related logging consider setting the 'logging.level.web' property to 'DEBUG'
2020-11-05 14:08:55,663 INFO org.springframework.data.repository.config.RepositoryConfigurationDelegate [restartedMain] Bootstrapping Spring Data JPA repositories in DEFERRED mode.
2020-11-05 14:08:56,016 INFO org.springframework.data.repository.config.RepositoryConfigurationDelegate [restartedMain] Finished Spring Data repository scanning in 285ms. Found 1 JPA repository interfaces.
2020-11-05 14:08:58,122 INFO org.springframework.boot.web.embedded.tomcat.TomcatWebServer [restartedMain] Tomcat initialized with port(s): 9500 (http)
2020-11-05 14:08:58,151 INFO org.apache.juli.logging.DirectJDKLog [restartedMain] Initializing ProtocolHandler ["http-nio-9500"]
2020-11-05 14:08:58,151 INFO org.apache.juli.logging.DirectJDKLog [restartedMain] Starting service [Tomcat]
2020-11-05 14:08:58,152 INFO org.apache.juli.logging.DirectJDKLog [restartedMain] Starting Servlet engine: [Apache Tomcat/9.0.38]
2020-11-05 14:08:58,476 INFO org.apache.juli.logging.DirectJDKLog [restartedMain] Initializing Spring embedded WebApplicationContext
2020-11-05 14:08:58,476 INFO org.springframework.boot.web.servlet.context.ServletWebServerApplicationContext [restartedMain] Root WebApplicationContext: initialization completed in 5707 ms
2020-11-05 14:08:59,086 INFO org.springframework.scheduling.concurrent.ExecutorConfigurationSupport [restartedMain] Initializing ExecutorService 'applicationTaskExecutor'
2020-11-05 14:08:59,408 INFO org.hibernate.jpa.internal.util.LogHelper [task-1] HHH000204: Processing PersistenceUnitInfo [name: default]
2020-11-05 14:08:59,800 INFO org.hibernate.Version [task-1] HHH000412: Hibernate ORM core version 5.4.21.Final
2020-11-05 14:09:01,207 INFO org.hibernate.annotations.common.reflection.java.JavaReflectionManager [task-1] HCANN000001: Hibernate Commons Annotations {5.1.0.Final}
2020-11-05 14:09:02,052 INFO com.zaxxer.hikari.HikariDataSource [task-1] HikariPool-1 - Starting...
2020-11-05 14:09:02,652 INFO com.zaxxer.hikari.HikariDataSource [task-1] HikariPool-1 - Start completed.
2020-11-05 14:09:02,672 INFO org.hibernate.dialect.Dialect [task-1] HHH000400: Using dialect: org.hibernate.dialect.MySQL55Dialect
2020-11-05 14:09:05,397 INFO org.hibernate.engine.transaction.jta.platform.internal.JtaPlatformInitiator [task-1] HHH000490: Using JtaPlatform implementation: [org.hibernate.engine.transaction.jta.platform.internal.NoJtaPlatform]
2020-11-05 14:09:05,428 INFO org.springframework.orm.jpa.AbstractEntityManagerFactoryBean [task-1] Initialized JPA EntityManagerFactory for persistence unit 'default'
2020-11-05 14:09:06,536 INFO org.springframework.boot.devtools.autoconfigure.OptionalLiveReloadServer [task-2] LiveReload server is running on port 35729
2020-11-05 14:09:06,613 WARN org.springframework.boot.autoconfigure.orm.jpa.JpaBaseConfiguration$JpaWebConfiguration [restartedMain] spring.jpa.open-in-view is enabled by default. Therefore, database queries may be performed during view rendering. Explicitly configure spring.jpa.open-in-view to disable this warning
2020-11-05 14:09:07,765 INFO org.apache.juli.logging.DirectJDKLog [restartedMain] Starting ProtocolHandler ["http-nio-9500"]
2020-11-05 14:09:07,825 INFO org.springframework.boot.web.embedded.tomcat.TomcatWebServer [restartedMain] Tomcat started on port(s): 9500 (http) with context path '/pk-sparkweb'
2020-11-05 14:09:07,827 INFO org.springframework.data.repository.config.DeferredRepositoryInitializationListener [restartedMain] Triggering deferred initialization of Spring Data repositories…
2020-11-05 14:09:07,827 INFO org.springframework.data.repository.config.DeferredRepositoryInitializationListener [restartedMain] Spring Data repositories initialized!
2020-11-05 14:09:07,836 INFO org.springframework.boot.StartupInfoLogger [restartedMain] Started SparkwebApplication in 17.798 seconds (JVM running for 21.0)
2020-11-05 14:09:43,569 INFO org.apache.juli.logging.DirectJDKLog [http-nio-9500-exec-1] Initializing Spring DispatcherServlet 'dispatcherServlet'
2020-11-05 14:09:43,570 INFO org.springframework.web.servlet.FrameworkServlet [http-nio-9500-exec-1] Initializing Servlet 'dispatcherServlet'
2020-11-05 14:09:43,574 INFO org.springframework.web.servlet.FrameworkServlet [http-nio-9500-exec-1] Completed initialization in 4 ms
2020-11-05 14:17:39,155 INFO org.springframework.boot.StartupInfoLogger [restartedMain] Starting SparkwebApplication on LAPTOP-O85QKSBQ with PID 18540 (E:\Develop\py-spark\pk-sparkweb\target\classes started by 32981 in E:\Develop\py-spark)
2020-11-05 14:17:39,158 INFO org.springframework.boot.SpringApplication [restartedMain] No active profile set, falling back to default profiles: default
2020-11-05 14:17:39,213 INFO org.springframework.boot.logging.DeferredLog [restartedMain] Devtools property defaults active! Set 'spring.devtools.add-properties' to 'false' to disable
2020-11-05 14:17:39,213 INFO org.springframework.boot.logging.DeferredLog [restartedMain] For additional web related logging consider setting the 'logging.level.web' property to 'DEBUG'
2020-11-05 14:17:39,704 INFO org.springframework.data.repository.config.RepositoryConfigurationDelegate [restartedMain] Bootstrapping Spring Data JPA repositories in DEFERRED mode.
2020-11-05 14:17:39,751 INFO org.springframework.data.repository.config.RepositoryConfigurationDelegate [restartedMain] Finished Spring Data repository scanning in 41ms. Found 1 JPA repository interfaces.
2020-11-05 14:17:40,208 INFO org.springframework.boot.web.embedded.tomcat.TomcatWebServer [restartedMain] Tomcat initialized with port(s): 9500 (http)
2020-11-05 14:17:40,214 INFO org.apache.juli.logging.DirectJDKLog [restartedMain] Initializing ProtocolHandler ["http-nio-9500"]
2020-11-05 14:17:40,214 INFO org.apache.juli.logging.DirectJDKLog [restartedMain] Starting service [Tomcat]
2020-11-05 14:17:40,215 INFO org.apache.juli.logging.DirectJDKLog [restartedMain] Starting Servlet engine: [Apache Tomcat/9.0.38]
2020-11-05 14:17:40,314 INFO org.apache.juli.logging.DirectJDKLog [restartedMain] Initializing Spring embedded WebApplicationContext
2020-11-05 14:17:40,314 INFO org.springframework.boot.web.servlet.context.ServletWebServerApplicationContext [restartedMain] Root WebApplicationContext: initialization completed in 1101 ms
2020-11-05 14:17:40,418 INFO org.springframework.scheduling.concurrent.ExecutorConfigurationSupport [restartedMain] Initializing ExecutorService 'applicationTaskExecutor'
2020-11-05 14:17:40,443 INFO org.hibernate.jpa.internal.util.LogHelper [task-1] HHH000204: Processing PersistenceUnitInfo [name: default]
2020-11-05 14:17:40,474 INFO org.hibernate.Version [task-1] HHH000412: Hibernate ORM core version 5.4.21.Final
2020-11-05 14:17:40,637 INFO org.hibernate.annotations.common.reflection.java.JavaReflectionManager [task-1] HCANN000001: Hibernate Commons Annotations {5.1.0.Final}
2020-11-05 14:17:40,702 INFO com.zaxxer.hikari.HikariDataSource [task-1] HikariPool-1 - Starting...
2020-11-05 14:17:40,835 INFO com.zaxxer.hikari.HikariDataSource [task-1] HikariPool-1 - Start completed.
2020-11-05 14:17:40,847 INFO org.hibernate.dialect.Dialect [task-1] HHH000400: Using dialect: org.hibernate.dialect.MySQL55Dialect
2020-11-05 14:17:41,196 INFO org.hibernate.engine.transaction.jta.platform.internal.JtaPlatformInitiator [task-1] HHH000490: Using JtaPlatform implementation: [org.hibernate.engine.transaction.jta.platform.internal.NoJtaPlatform]
2020-11-05 14:17:41,202 INFO org.springframework.orm.jpa.AbstractEntityManagerFactoryBean [task-1] Initialized JPA EntityManagerFactory for persistence unit 'default'
2020-11-05 14:17:41,339 INFO org.springframework.boot.devtools.autoconfigure.OptionalLiveReloadServer [task-2] LiveReload server is running on port 35729
2020-11-05 14:17:41,361 WARN org.springframework.boot.autoconfigure.orm.jpa.JpaBaseConfiguration$JpaWebConfiguration [restartedMain] spring.jpa.open-in-view is enabled by default. Therefore, database queries may be performed during view rendering. Explicitly configure spring.jpa.open-in-view to disable this warning
2020-11-05 14:17:41,575 INFO org.apache.juli.logging.DirectJDKLog [restartedMain] Starting ProtocolHandler ["http-nio-9500"]
2020-11-05 14:17:41,589 INFO org.springframework.boot.web.embedded.tomcat.TomcatWebServer [restartedMain] Tomcat started on port(s): 9500 (http) with context path '/pk-sparkweb'
2020-11-05 14:17:41,590 INFO org.springframework.data.repository.config.DeferredRepositoryInitializationListener [restartedMain] Triggering deferred initialization of Spring Data repositories…
2020-11-05 14:17:41,591 INFO org.springframework.data.repository.config.DeferredRepositoryInitializationListener [restartedMain] Spring Data repositories initialized!
2020-11-05 14:17:41,598 INFO org.springframework.boot.StartupInfoLogger [restartedMain] Started SparkwebApplication in 2.87 seconds (JVM running for 4.335)
2020-11-05 14:17:48,044 INFO org.apache.juli.logging.DirectJDKLog [http-nio-9500-exec-1] Initializing Spring DispatcherServlet 'dispatcherServlet'
2020-11-05 14:17:48,044 INFO org.springframework.web.servlet.FrameworkServlet [http-nio-9500-exec-1] Initializing Servlet 'dispatcherServlet'
2020-11-05 14:17:48,048 INFO org.springframework.web.servlet.FrameworkServlet [http-nio-9500-exec-1] Completed initialization in 4 ms
2020-11-05 19:38:28,362 INFO org.springframework.boot.StartupInfoLogger [restartedMain] Starting SparkwebApplication on LAPTOP-O85QKSBQ with PID 36816 (E:\Develop\py-spark\pk-sparkweb\target\classes started by 32981 in E:\Develop\py-spark)
2020-11-05 19:38:28,365 INFO org.springframework.boot.SpringApplication [restartedMain] No active profile set, falling back to default profiles: default
2020-11-05 19:38:28,413 INFO org.springframework.boot.logging.DeferredLog [restartedMain] Devtools property defaults active! Set 'spring.devtools.add-properties' to 'false' to disable
2020-11-05 19:38:28,414 INFO org.springframework.boot.logging.DeferredLog [restartedMain] For additional web related logging consider setting the 'logging.level.web' property to 'DEBUG'
2020-11-05 19:38:28,955 INFO org.springframework.data.repository.config.RepositoryConfigurationDelegate [restartedMain] Bootstrapping Spring Data JPA repositories in DEFERRED mode.
2020-11-05 19:38:29,011 INFO org.springframework.data.repository.config.RepositoryConfigurationDelegate [restartedMain] Finished Spring Data repository scanning in 49ms. Found 1 JPA repository interfaces.
2020-11-05 19:38:29,479 INFO org.springframework.boot.web.embedded.tomcat.TomcatWebServer [restartedMain] Tomcat initialized with port(s): 9500 (http)
2020-11-05 19:38:29,485 INFO org.apache.juli.logging.DirectJDKLog [restartedMain] Initializing ProtocolHandler ["http-nio-9500"]
2020-11-05 19:38:29,486 INFO org.apache.juli.logging.DirectJDKLog [restartedMain] Starting service [Tomcat]
2020-11-05 19:38:29,486 INFO org.apache.juli.logging.DirectJDKLog [restartedMain] Starting Servlet engine: [Apache Tomcat/9.0.38]
2020-11-05 19:38:29,589 INFO org.apache.juli.logging.DirectJDKLog [restartedMain] Initializing Spring embedded WebApplicationContext
2020-11-05 19:38:29,589 INFO org.springframework.boot.web.servlet.context.ServletWebServerApplicationContext [restartedMain] Root WebApplicationContext: initialization completed in 1175 ms
2020-11-05 19:38:29,699 INFO org.springframework.scheduling.concurrent.ExecutorConfigurationSupport [restartedMain] Initializing ExecutorService 'applicationTaskExecutor'
2020-11-05 19:38:29,726 INFO org.hibernate.jpa.internal.util.LogHelper [task-1] HHH000204: Processing PersistenceUnitInfo [name: default]
2020-11-05 19:38:29,761 INFO org.hibernate.Version [task-1] HHH000412: Hibernate ORM core version 5.4.21.Final
2020-11-05 19:38:29,925 INFO org.hibernate.annotations.common.reflection.java.JavaReflectionManager [task-1] HCANN000001: Hibernate Commons Annotations {5.1.0.Final}
2020-11-05 19:38:29,988 INFO com.zaxxer.hikari.HikariDataSource [task-1] HikariPool-1 - Starting...
2020-11-05 19:38:30,110 INFO com.zaxxer.hikari.HikariDataSource [task-1] HikariPool-1 - Start completed.
2020-11-05 19:38:30,122 INFO org.hibernate.dialect.Dialect [task-1] HHH000400: Using dialect: org.hibernate.dialect.MySQL55Dialect
2020-11-05 19:38:30,470 INFO org.hibernate.engine.transaction.jta.platform.internal.JtaPlatformInitiator [task-1] HHH000490: Using JtaPlatform implementation: [org.hibernate.engine.transaction.jta.platform.internal.NoJtaPlatform]
2020-11-05 19:38:30,476 INFO org.springframework.orm.jpa.AbstractEntityManagerFactoryBean [task-1] Initialized JPA EntityManagerFactory for persistence unit 'default'
2020-11-05 19:38:30,613 INFO org.springframework.boot.devtools.autoconfigure.OptionalLiveReloadServer [task-2] LiveReload server is running on port 35729
2020-11-05 19:38:30,636 WARN org.springframework.boot.autoconfigure.orm.jpa.JpaBaseConfiguration$JpaWebConfiguration [restartedMain] spring.jpa.open-in-view is enabled by default. Therefore, database queries may be performed during view rendering. Explicitly configure spring.jpa.open-in-view to disable this warning
2020-11-05 19:38:30,838 INFO org.apache.juli.logging.DirectJDKLog [restartedMain] Starting ProtocolHandler ["http-nio-9500"]
2020-11-05 19:38:30,850 INFO org.springframework.boot.web.embedded.tomcat.TomcatWebServer [restartedMain] Tomcat started on port(s): 9500 (http) with context path '/pk-sparkweb'
2020-11-05 19:38:30,851 INFO org.springframework.data.repository.config.DeferredRepositoryInitializationListener [restartedMain] Triggering deferred initialization of Spring Data repositories…
2020-11-05 19:38:30,853 INFO org.springframework.data.repository.config.DeferredRepositoryInitializationListener [restartedMain] Spring Data repositories initialized!
2020-11-05 19:38:30,857 INFO org.springframework.boot.StartupInfoLogger [restartedMain] Started SparkwebApplication in 2.859 seconds (JVM running for 4.416)
2020-11-05 19:38:51,933 INFO org.apache.juli.logging.DirectJDKLog [http-nio-9500-exec-1] Initializing Spring DispatcherServlet 'dispatcherServlet'
2020-11-05 19:38:51,933 INFO org.springframework.web.servlet.FrameworkServlet [http-nio-9500-exec-1] Initializing Servlet 'dispatcherServlet'
2020-11-05 19:38:51,938 INFO org.springframework.web.servlet.FrameworkServlet [http-nio-9500-exec-1] Completed initialization in 5 ms
2020-11-05 19:42:24,887 INFO org.springframework.boot.StartupInfoLogger [restartedMain] Starting SparkwebApplication on LAPTOP-O85QKSBQ with PID 30992 (E:\Develop\py-spark\pk-sparkweb\target\classes started by 32981 in E:\Develop\py-spark)
2020-11-05 19:42:24,890 INFO org.springframework.boot.SpringApplication [restartedMain] No active profile set, falling back to default profiles: default
2020-11-05 19:42:24,935 INFO org.springframework.boot.logging.DeferredLog [restartedMain] Devtools property defaults active! Set 'spring.devtools.add-properties' to 'false' to disable
2020-11-05 19:42:24,935 INFO org.springframework.boot.logging.DeferredLog [restartedMain] For additional web related logging consider setting the 'logging.level.web' property to 'DEBUG'
2020-11-05 19:42:25,571 INFO org.springframework.data.repository.config.RepositoryConfigurationDelegate [restartedMain] Bootstrapping Spring Data JPA repositories in DEFERRED mode.
2020-11-05 19:42:25,634 INFO org.springframework.data.repository.config.RepositoryConfigurationDelegate [restartedMain] Finished Spring Data repository scanning in 55ms. Found 1 JPA repository interfaces.
2020-11-05 19:42:26,114 INFO org.springframework.boot.web.embedded.tomcat.TomcatWebServer [restartedMain] Tomcat initialized with port(s): 9500 (http)
2020-11-05 19:42:26,120 INFO org.apache.juli.logging.DirectJDKLog [restartedMain] Initializing ProtocolHandler ["http-nio-9500"]
2020-11-05 19:42:26,120 INFO org.apache.juli.logging.DirectJDKLog [restartedMain] Starting service [Tomcat]
2020-11-05 19:42:26,120 INFO org.apache.juli.logging.DirectJDKLog [restartedMain] Starting Servlet engine: [Apache Tomcat/9.0.38]
2020-11-05 19:42:26,218 INFO org.apache.juli.logging.DirectJDKLog [restartedMain] Initializing Spring embedded WebApplicationContext
2020-11-05 19:42:26,219 INFO org.springframework.boot.web.servlet.context.ServletWebServerApplicationContext [restartedMain] Root WebApplicationContext: initialization completed in 1284 ms
2020-11-05 19:42:26,323 INFO org.springframework.scheduling.concurrent.ExecutorConfigurationSupport [restartedMain] Initializing ExecutorService 'applicationTaskExecutor'
2020-11-05 19:42:26,350 INFO org.hibernate.jpa.internal.util.LogHelper [task-1] HHH000204: Processing PersistenceUnitInfo [name: default]
2020-11-05 19:42:26,385 INFO org.hibernate.Version [task-1] HHH000412: Hibernate ORM core version 5.4.21.Final
2020-11-05 19:42:26,559 INFO org.hibernate.annotations.common.reflection.java.JavaReflectionManager [task-1] HCANN000001: Hibernate Commons Annotations {5.1.0.Final}
2020-11-05 19:42:26,624 INFO com.zaxxer.hikari.HikariDataSource [task-1] HikariPool-1 - Starting...
2020-11-05 19:42:26,752 INFO com.zaxxer.hikari.HikariDataSource [task-1] HikariPool-1 - Start completed.
2020-11-05 19:42:26,765 INFO org.hibernate.dialect.Dialect [task-1] HHH000400: Using dialect: org.hibernate.dialect.MySQL55Dialect
2020-11-05 19:42:27,113 INFO org.hibernate.engine.transaction.jta.platform.internal.JtaPlatformInitiator [task-1] HHH000490: Using JtaPlatform implementation: [org.hibernate.engine.transaction.jta.platform.internal.NoJtaPlatform]
2020-11-05 19:42:27,119 INFO org.springframework.orm.jpa.AbstractEntityManagerFactoryBean [task-1] Initialized JPA EntityManagerFactory for persistence unit 'default'
2020-11-05 19:42:27,259 INFO org.springframework.boot.devtools.autoconfigure.OptionalLiveReloadServer [task-2] LiveReload server is running on port 35729
2020-11-05 19:42:27,279 WARN org.springframework.boot.autoconfigure.orm.jpa.JpaBaseConfiguration$JpaWebConfiguration [restartedMain] spring.jpa.open-in-view is enabled by default. Therefore, database queries may be performed during view rendering. Explicitly configure spring.jpa.open-in-view to disable this warning
2020-11-05 19:42:27,484 INFO org.apache.juli.logging.DirectJDKLog [restartedMain] Starting ProtocolHandler ["http-nio-9500"]
2020-11-05 19:42:27,498 INFO org.springframework.boot.web.embedded.tomcat.TomcatWebServer [restartedMain] Tomcat started on port(s): 9500 (http) with context path '/pk-sparkweb'
2020-11-05 19:42:27,499 INFO org.springframework.data.repository.config.DeferredRepositoryInitializationListener [restartedMain] Triggering deferred initialization of Spring Data repositories…
2020-11-05 19:42:27,499 INFO org.springframework.data.repository.config.DeferredRepositoryInitializationListener [restartedMain] Spring Data repositories initialized!
2020-11-05 19:42:27,505 INFO org.springframework.boot.StartupInfoLogger [restartedMain] Started SparkwebApplication in 2.963 seconds (JVM running for 4.497)
2020-11-05 19:42:56,248 INFO org.apache.juli.logging.DirectJDKLog [http-nio-9500-exec-1] Initializing Spring DispatcherServlet 'dispatcherServlet'
2020-11-05 19:42:56,249 INFO org.springframework.web.servlet.FrameworkServlet [http-nio-9500-exec-1] Initializing Servlet 'dispatcherServlet'
2020-11-05 19:42:56,253 INFO org.springframework.web.servlet.FrameworkServlet [http-nio-9500-exec-1] Completed initialization in 4 ms
2020-11-05 19:47:05,918 INFO org.springframework.boot.StartupInfoLogger [restartedMain] Starting SparkwebApplication on LAPTOP-O85QKSBQ with PID 35980 (E:\Develop\py-spark\pk-sparkweb\target\classes started by 32981 in E:\Develop\py-spark)
2020-11-05 19:47:05,921 INFO org.springframework.boot.SpringApplication [restartedMain] No active profile set, falling back to default profiles: default
2020-11-05 19:47:05,963 INFO org.springframework.boot.logging.DeferredLog [restartedMain] Devtools property defaults active! Set 'spring.devtools.add-properties' to 'false' to disable
2020-11-05 19:47:05,964 INFO org.springframework.boot.logging.DeferredLog [restartedMain] For additional web related logging consider setting the 'logging.level.web' property to 'DEBUG'
2020-11-05 19:47:06,467 INFO org.springframework.data.repository.config.RepositoryConfigurationDelegate [restartedMain] Bootstrapping Spring Data JPA repositories in DEFERRED mode.
2020-11-05 19:47:06,519 INFO org.springframework.data.repository.config.RepositoryConfigurationDelegate [restartedMain] Finished Spring Data repository scanning in 44ms. Found 1 JPA repository interfaces.
2020-11-05 19:47:06,978 INFO org.springframework.boot.web.embedded.tomcat.TomcatWebServer [restartedMain] Tomcat initialized with port(s): 9500 (http)
2020-11-05 19:47:06,984 INFO org.apache.juli.logging.DirectJDKLog [restartedMain] Initializing ProtocolHandler ["http-nio-9500"]
2020-11-05 19:47:06,985 INFO org.apache.juli.logging.DirectJDKLog [restartedMain] Starting service [Tomcat]
2020-11-05 19:47:06,985 INFO org.apache.juli.logging.DirectJDKLog [restartedMain] Starting Servlet engine: [Apache Tomcat/9.0.38]
2020-11-05 19:47:07,089 INFO org.apache.juli.logging.DirectJDKLog [restartedMain] Initializing Spring embedded WebApplicationContext
2020-11-05 19:47:07,090 INFO org.springframework.boot.web.servlet.context.ServletWebServerApplicationContext [restartedMain] Root WebApplicationContext: initialization completed in 1126 ms
2020-11-05 19:47:07,215 INFO org.springframework.scheduling.concurrent.ExecutorConfigurationSupport [restartedMain] Initializing ExecutorService 'applicationTaskExecutor'
2020-11-05 19:47:07,247 INFO org.hibernate.jpa.internal.util.LogHelper [task-1] HHH000204: Processing PersistenceUnitInfo [name: default]
2020-11-05 19:47:07,285 INFO org.hibernate.Version [task-1] HHH000412: Hibernate ORM core version 5.4.21.Final
2020-11-05 19:47:07,452 INFO org.hibernate.annotations.common.reflection.java.JavaReflectionManager [task-1] HCANN000001: Hibernate Commons Annotations {5.1.0.Final}
2020-11-05 19:47:07,518 INFO com.zaxxer.hikari.HikariDataSource [task-1] HikariPool-1 - Starting...
2020-11-05 19:47:07,644 INFO com.zaxxer.hikari.HikariDataSource [task-1] HikariPool-1 - Start completed.
2020-11-05 19:47:07,657 INFO org.hibernate.dialect.Dialect [task-1] HHH000400: Using dialect: org.hibernate.dialect.MySQL55Dialect
2020-11-05 19:47:08,000 INFO org.hibernate.engine.transaction.jta.platform.internal.JtaPlatformInitiator [task-1] HHH000490: Using JtaPlatform implementation: [org.hibernate.engine.transaction.jta.platform.internal.NoJtaPlatform]
2020-11-05 19:47:08,007 INFO org.springframework.orm.jpa.AbstractEntityManagerFactoryBean [task-1] Initialized JPA EntityManagerFactory for persistence unit 'default'
2020-11-05 19:47:08,146 INFO org.springframework.boot.devtools.autoconfigure.OptionalLiveReloadServer [task-2] LiveReload server is running on port 35729
2020-11-05 19:47:08,167 WARN org.springframework.boot.autoconfigure.orm.jpa.JpaBaseConfiguration$JpaWebConfiguration [restartedMain] spring.jpa.open-in-view is enabled by default. Therefore, database queries may be performed during view rendering. Explicitly configure spring.jpa.open-in-view to disable this warning
2020-11-05 19:47:08,383 INFO org.apache.juli.logging.DirectJDKLog [restartedMain] Starting ProtocolHandler ["http-nio-9500"]
2020-11-05 19:47:08,397 INFO org.springframework.boot.web.embedded.tomcat.TomcatWebServer [restartedMain] Tomcat started on port(s): 9500 (http) with context path '/pk-sparkweb'
2020-11-05 19:47:08,398 INFO org.springframework.data.repository.config.DeferredRepositoryInitializationListener [restartedMain] Triggering deferred initialization of Spring Data repositories…
2020-11-05 19:47:08,399 INFO org.springframework.data.repository.config.DeferredRepositoryInitializationListener [restartedMain] Spring Data repositories initialized!
2020-11-05 19:47:08,496 INFO org.springframework.boot.StartupInfoLogger [restartedMain] Started SparkwebApplication in 2.908 seconds (JVM running for 4.375)
2020-11-05 19:47:22,358 INFO org.apache.juli.logging.DirectJDKLog [http-nio-9500-exec-1] Initializing Spring DispatcherServlet 'dispatcherServlet'
2020-11-05 19:47:22,358 INFO org.springframework.web.servlet.FrameworkServlet [http-nio-9500-exec-1] Initializing Servlet 'dispatcherServlet'
2020-11-05 19:47:22,363 INFO org.springframework.web.servlet.FrameworkServlet [http-nio-9500-exec-1] Completed initialization in 5 ms
2020-11-05 20:02:03,040 INFO org.springframework.boot.StartupInfoLogger [restartedMain] Starting SparkwebApplication on LAPTOP-O85QKSBQ with PID 37532 (E:\Develop\py-spark\pk-sparkweb\target\classes started by 32981 in E:\Develop\py-spark)
2020-11-05 20:02:03,042 INFO org.springframework.boot.SpringApplication [restartedMain] No active profile set, falling back to default profiles: default
2020-11-05 20:02:03,089 INFO org.springframework.boot.logging.DeferredLog [restartedMain] Devtools property defaults active! Set 'spring.devtools.add-properties' to 'false' to disable
2020-11-05 20:02:03,089 INFO org.springframework.boot.logging.DeferredLog [restartedMain] For additional web related logging consider setting the 'logging.level.web' property to 'DEBUG'
2020-11-05 20:02:03,594 INFO org.springframework.data.repository.config.RepositoryConfigurationDelegate [restartedMain] Bootstrapping Spring Data JPA repositories in DEFERRED mode.
2020-11-05 20:02:03,647 INFO org.springframework.data.repository.config.RepositoryConfigurationDelegate [restartedMain] Finished Spring Data repository scanning in 44ms. Found 1 JPA repository interfaces.
2020-11-05 20:02:04,104 INFO org.springframework.boot.web.embedded.tomcat.TomcatWebServer [restartedMain] Tomcat initialized with port(s): 9500 (http)
2020-11-05 20:02:04,110 INFO org.apache.juli.logging.DirectJDKLog [restartedMain] Initializing ProtocolHandler ["http-nio-9500"]
2020-11-05 20:02:04,110 INFO org.apache.juli.logging.DirectJDKLog [restartedMain] Starting service [Tomcat]
2020-11-05 20:02:04,111 INFO org.apache.juli.logging.DirectJDKLog [restartedMain] Starting Servlet engine: [Apache Tomcat/9.0.38]
2020-11-05 20:02:04,212 INFO org.apache.juli.logging.DirectJDKLog [restartedMain] Initializing Spring embedded WebApplicationContext
2020-11-05 20:02:04,213 INFO org.springframework.boot.web.servlet.context.ServletWebServerApplicationContext [restartedMain] Root WebApplicationContext: initialization completed in 1124 ms
2020-11-05 20:02:04,326 INFO org.springframework.scheduling.concurrent.ExecutorConfigurationSupport [restartedMain] Initializing ExecutorService 'applicationTaskExecutor'
2020-11-05 20:02:04,352 INFO org.hibernate.jpa.internal.util.LogHelper [task-1] HHH000204: Processing PersistenceUnitInfo [name: default]
2020-11-05 20:02:04,385 INFO org.hibernate.Version [task-1] HHH000412: Hibernate ORM core version 5.4.21.Final
2020-11-05 20:02:04,533 INFO org.hibernate.annotations.common.reflection.java.JavaReflectionManager [task-1] HCANN000001: Hibernate Commons Annotations {5.1.0.Final}
2020-11-05 20:02:04,599 INFO com.zaxxer.hikari.HikariDataSource [task-1] HikariPool-1 - Starting...
2020-11-05 20:02:04,726 INFO com.zaxxer.hikari.HikariDataSource [task-1] HikariPool-1 - Start completed.
2020-11-05 20:02:04,738 INFO org.hibernate.dialect.Dialect [task-1] HHH000400: Using dialect: org.hibernate.dialect.MySQL55Dialect
2020-11-05 20:02:05,098 INFO org.hibernate.engine.transaction.jta.platform.internal.JtaPlatformInitiator [task-1] HHH000490: Using JtaPlatform implementation: [org.hibernate.engine.transaction.jta.platform.internal.NoJtaPlatform]
2020-11-05 20:02:05,104 INFO org.springframework.orm.jpa.AbstractEntityManagerFactoryBean [task-1] Initialized JPA EntityManagerFactory for persistence unit 'default'
2020-11-05 20:02:05,256 INFO org.springframework.boot.devtools.autoconfigure.OptionalLiveReloadServer [task-2] LiveReload server is running on port 35729
2020-11-05 20:02:05,279 WARN org.springframework.boot.autoconfigure.orm.jpa.JpaBaseConfiguration$JpaWebConfiguration [restartedMain] spring.jpa.open-in-view is enabled by default. Therefore, database queries may be performed during view rendering. Explicitly configure spring.jpa.open-in-view to disable this warning
2020-11-05 20:02:05,496 INFO org.apache.juli.logging.DirectJDKLog [restartedMain] Starting ProtocolHandler ["http-nio-9500"]
2020-11-05 20:02:05,510 INFO org.springframework.boot.web.embedded.tomcat.TomcatWebServer [restartedMain] Tomcat started on port(s): 9500 (http) with context path '/pk-sparkweb'
2020-11-05 20:02:05,511 INFO org.springframework.data.repository.config.DeferredRepositoryInitializationListener [restartedMain] Triggering deferred initialization of Spring Data repositories…
2020-11-05 20:02:05,512 INFO org.springframework.data.repository.config.DeferredRepositoryInitializationListener [restartedMain] Spring Data repositories initialized!
2020-11-05 20:02:05,519 INFO org.springframework.boot.StartupInfoLogger [restartedMain] Started SparkwebApplication in 2.806 seconds (JVM running for 4.467)
2020-11-05 20:02:11,828 INFO org.apache.juli.logging.DirectJDKLog [http-nio-9500-exec-1] Initializing Spring DispatcherServlet 'dispatcherServlet'
2020-11-05 20:02:11,828 INFO org.springframework.web.servlet.FrameworkServlet [http-nio-9500-exec-1] Initializing Servlet 'dispatcherServlet'
2020-11-05 20:02:11,833 INFO org.springframework.web.servlet.FrameworkServlet [http-nio-9500-exec-1] Completed initialization in 4 ms
2020-11-05 20:03:00,415 INFO org.springframework.boot.StartupInfoLogger [restartedMain] Starting SparkwebApplication on LAPTOP-O85QKSBQ with PID 13328 (E:\Develop\py-spark\pk-sparkweb\target\classes started by 32981 in E:\Develop\py-spark)
2020-11-05 20:03:00,417 INFO org.springframework.boot.SpringApplication [restartedMain] No active profile set, falling back to default profiles: default
2020-11-05 20:03:00,461 INFO org.springframework.boot.logging.DeferredLog [restartedMain] Devtools property defaults active! Set 'spring.devtools.add-properties' to 'false' to disable
2020-11-05 20:03:00,462 INFO org.springframework.boot.logging.DeferredLog [restartedMain] For additional web related logging consider setting the 'logging.level.web' property to 'DEBUG'
2020-11-05 20:03:00,986 INFO org.springframework.data.repository.config.RepositoryConfigurationDelegate [restartedMain] Bootstrapping Spring Data JPA repositories in DEFERRED mode.
2020-11-05 20:03:01,028 INFO org.springframework.data.repository.config.RepositoryConfigurationDelegate [restartedMain] Finished Spring Data repository scanning in 38ms. Found 1 JPA repository interfaces.
2020-11-05 20:03:01,485 INFO org.springframework.boot.web.embedded.tomcat.TomcatWebServer [restartedMain] Tomcat initialized with port(s): 9500 (http)
2020-11-05 20:03:01,491 INFO org.apache.juli.logging.DirectJDKLog [restartedMain] Initializing ProtocolHandler ["http-nio-9500"]
2020-11-05 20:03:01,491 INFO org.apache.juli.logging.DirectJDKLog [restartedMain] Starting service [Tomcat]
2020-11-05 20:03:01,491 INFO org.apache.juli.logging.DirectJDKLog [restartedMain] Starting Servlet engine: [Apache Tomcat/9.0.38]
2020-11-05 20:03:01,590 INFO org.apache.juli.logging.DirectJDKLog [restartedMain] Initializing Spring embedded WebApplicationContext
2020-11-05 20:03:01,590 INFO org.springframework.boot.web.servlet.context.ServletWebServerApplicationContext [restartedMain] Root WebApplicationContext: initialization completed in 1128 ms
2020-11-05 20:03:01,702 INFO org.springframework.scheduling.concurrent.ExecutorConfigurationSupport [restartedMain] Initializing ExecutorService 'applicationTaskExecutor'
2020-11-05 20:03:01,729 INFO org.hibernate.jpa.internal.util.LogHelper [task-1] HHH000204: Processing PersistenceUnitInfo [name: default]
2020-11-05 20:03:01,765 INFO org.hibernate.Version [task-1] HHH000412: Hibernate ORM core version 5.4.21.Final
2020-11-05 20:03:01,932 INFO org.hibernate.annotations.common.reflection.java.JavaReflectionManager [task-1] HCANN000001: Hibernate Commons Annotations {5.1.0.Final}
2020-11-05 20:03:01,995 INFO com.zaxxer.hikari.HikariDataSource [task-1] HikariPool-1 - Starting...
2020-11-05 20:03:02,122 INFO com.zaxxer.hikari.HikariDataSource [task-1] HikariPool-1 - Start completed.
2020-11-05 20:03:02,134 INFO org.hibernate.dialect.Dialect [task-1] HHH000400: Using dialect: org.hibernate.dialect.MySQL55Dialect
2020-11-05 20:03:02,488 INFO org.hibernate.engine.transaction.jta.platform.internal.JtaPlatformInitiator [task-1] HHH000490: Using JtaPlatform implementation: [org.hibernate.engine.transaction.jta.platform.internal.NoJtaPlatform]
2020-11-05 20:03:02,494 INFO org.springframework.orm.jpa.AbstractEntityManagerFactoryBean [task-1] Initialized JPA EntityManagerFactory for persistence unit 'default'
2020-11-05 20:03:02,637 INFO org.springframework.boot.devtools.autoconfigure.OptionalLiveReloadServer [task-2] LiveReload server is running on port 35729
2020-11-05 20:03:02,661 WARN org.springframework.boot.autoconfigure.orm.jpa.JpaBaseConfiguration$JpaWebConfiguration [restartedMain] spring.jpa.open-in-view is enabled by default. Therefore, database queries may be performed during view rendering. Explicitly configure spring.jpa.open-in-view to disable this warning
2020-11-05 20:03:02,858 INFO org.apache.juli.logging.DirectJDKLog [restartedMain] Starting ProtocolHandler ["http-nio-9500"]
2020-11-05 20:03:02,872 INFO org.springframework.boot.web.embedded.tomcat.TomcatWebServer [restartedMain] Tomcat started on port(s): 9500 (http) with context path '/pk-sparkweb'
2020-11-05 20:03:02,873 INFO org.springframework.data.repository.config.DeferredRepositoryInitializationListener [restartedMain] Triggering deferred initialization of Spring Data repositories…
2020-11-05 20:03:02,873 INFO org.springframework.data.repository.config.DeferredRepositoryInitializationListener [restartedMain] Spring Data repositories initialized!
2020-11-05 20:03:02,878 INFO org.springframework.boot.StartupInfoLogger [restartedMain] Started SparkwebApplication in 2.801 seconds (JVM running for 4.305)
2020-11-05 20:03:10,269 INFO org.apache.juli.logging.DirectJDKLog [http-nio-9500-exec-1] Initializing Spring DispatcherServlet 'dispatcherServlet'
2020-11-05 20:03:10,270 INFO org.springframework.web.servlet.FrameworkServlet [http-nio-9500-exec-1] Initializing Servlet 'dispatcherServlet'
2020-11-05 20:03:10,274 INFO org.springframework.web.servlet.FrameworkServlet [http-nio-9500-exec-1] Completed initialization in 4 ms
2020-11-05 20:11:56,077 INFO org.springframework.boot.StartupInfoLogger [restartedMain] Starting SparkwebApplication on LAPTOP-O85QKSBQ with PID 1824 (E:\Develop\py-spark\pk-sparkweb\target\classes started by 32981 in E:\Develop\py-spark)
2020-11-05 20:11:56,080 INFO org.springframework.boot.SpringApplication [restartedMain] No active profile set, falling back to default profiles: default
2020-11-05 20:11:56,125 INFO org.springframework.boot.logging.DeferredLog [restartedMain] Devtools property defaults active! Set 'spring.devtools.add-properties' to 'false' to disable
2020-11-05 20:11:56,125 INFO org.springframework.boot.logging.DeferredLog [restartedMain] For additional web related logging consider setting the 'logging.level.web' property to 'DEBUG'
2020-11-05 20:11:56,728 INFO org.springframework.data.repository.config.RepositoryConfigurationDelegate [restartedMain] Bootstrapping Spring Data JPA repositories in DEFERRED mode.
2020-11-05 20:11:56,773 INFO org.springframework.data.repository.config.RepositoryConfigurationDelegate [restartedMain] Finished Spring Data repository scanning in 39ms. Found 1 JPA repository interfaces.
2020-11-05 20:11:57,233 INFO org.springframework.boot.web.embedded.tomcat.TomcatWebServer [restartedMain] Tomcat initialized with port(s): 9500 (http)
2020-11-05 20:11:57,239 INFO org.apache.juli.logging.DirectJDKLog [restartedMain] Initializing ProtocolHandler ["http-nio-9500"]
2020-11-05 20:11:57,240 INFO org.apache.juli.logging.DirectJDKLog [restartedMain] Starting service [Tomcat]
2020-11-05 20:11:57,240 INFO org.apache.juli.logging.DirectJDKLog [restartedMain] Starting Servlet engine: [Apache Tomcat/9.0.38]
2020-11-05 20:11:57,333 INFO org.apache.juli.logging.DirectJDKLog [restartedMain] Initializing Spring embedded WebApplicationContext
2020-11-05 20:11:57,333 INFO org.springframework.boot.web.servlet.context.ServletWebServerApplicationContext [restartedMain] Root WebApplicationContext: initialization completed in 1207 ms
2020-11-05 20:11:57,437 INFO org.springframework.scheduling.concurrent.ExecutorConfigurationSupport [restartedMain] Initializing ExecutorService 'applicationTaskExecutor'
2020-11-05 20:11:57,462 INFO org.hibernate.jpa.internal.util.LogHelper [task-1] HHH000204: Processing PersistenceUnitInfo [name: default]
2020-11-05 20:11:57,494 INFO org.hibernate.Version [task-1] HHH000412: Hibernate ORM core version 5.4.21.Final
2020-11-05 20:11:57,660 INFO org.hibernate.annotations.common.reflection.java.JavaReflectionManager [task-1] HCANN000001: Hibernate Commons Annotations {5.1.0.Final}
2020-11-05 20:11:57,727 INFO com.zaxxer.hikari.HikariDataSource [task-1] HikariPool-1 - Starting...
2020-11-05 20:11:57,854 INFO com.zaxxer.hikari.HikariDataSource [task-1] HikariPool-1 - Start completed.
2020-11-05 20:11:57,868 INFO org.hibernate.dialect.Dialect [task-1] HHH000400: Using dialect: org.hibernate.dialect.MySQL55Dialect
2020-11-05 20:11:58,276 INFO org.hibernate.engine.transaction.jta.platform.internal.JtaPlatformInitiator [task-1] HHH000490: Using JtaPlatform implementation: [org.hibernate.engine.transaction.jta.platform.internal.NoJtaPlatform]
2020-11-05 20:11:58,282 INFO org.springframework.orm.jpa.AbstractEntityManagerFactoryBean [task-1] Initialized JPA EntityManagerFactory for persistence unit 'default'
2020-11-05 20:11:58,431 INFO org.springframework.boot.devtools.autoconfigure.OptionalLiveReloadServer [task-2] LiveReload server is running on port 35729
2020-11-05 20:11:58,455 WARN org.springframework.boot.autoconfigure.orm.jpa.JpaBaseConfiguration$JpaWebConfiguration [restartedMain] spring.jpa.open-in-view is enabled by default. Therefore, database queries may be performed during view rendering. Explicitly configure spring.jpa.open-in-view to disable this warning
2020-11-05 20:11:58,671 INFO org.apache.juli.logging.DirectJDKLog [restartedMain] Starting ProtocolHandler ["http-nio-9500"]
2020-11-05 20:11:58,684 INFO org.springframework.boot.web.embedded.tomcat.TomcatWebServer [restartedMain] Tomcat started on port(s): 9500 (http) with context path '/pk-sparkweb'
2020-11-05 20:11:58,685 INFO org.springframework.data.repository.config.DeferredRepositoryInitializationListener [restartedMain] Triggering deferred initialization of Spring Data repositories…
2020-11-05 20:11:58,685 INFO org.springframework.data.repository.config.DeferredRepositoryInitializationListener [restartedMain] Spring Data repositories initialized!
2020-11-05 20:11:58,692 INFO org.springframework.boot.StartupInfoLogger [restartedMain] Started SparkwebApplication in 2.97 seconds (JVM running for 4.456)
2020-11-05 20:12:26,441 INFO org.apache.juli.logging.DirectJDKLog [http-nio-9500-exec-1] Initializing Spring DispatcherServlet 'dispatcherServlet'
2020-11-05 20:12:26,442 INFO org.springframework.web.servlet.FrameworkServlet [http-nio-9500-exec-1] Initializing Servlet 'dispatcherServlet'
2020-11-05 20:12:26,446 INFO org.springframework.web.servlet.FrameworkServlet [http-nio-9500-exec-1] Completed initialization in 4 ms
2020-11-05 20:12:41,415 INFO org.springframework.boot.StartupInfoLogger [restartedMain] Starting SparkwebApplication on LAPTOP-O85QKSBQ with PID 6384 (E:\Develop\py-spark\pk-sparkweb\target\classes started by 32981 in E:\Develop\py-spark)
2020-11-05 20:12:41,418 INFO org.springframework.boot.SpringApplication [restartedMain] No active profile set, falling back to default profiles: default
2020-11-05 20:12:41,470 INFO org.springframework.boot.logging.DeferredLog [restartedMain] Devtools property defaults active! Set 'spring.devtools.add-properties' to 'false' to disable
2020-11-05 20:12:41,471 INFO org.springframework.boot.logging.DeferredLog [restartedMain] For additional web related logging consider setting the 'logging.level.web' property to 'DEBUG'
2020-11-05 20:12:41,958 INFO org.springframework.data.repository.config.RepositoryConfigurationDelegate [restartedMain] Bootstrapping Spring Data JPA repositories in DEFERRED mode.
2020-11-05 20:12:42,008 INFO org.springframework.data.repository.config.RepositoryConfigurationDelegate [restartedMain] Finished Spring Data repository scanning in 41ms. Found 1 JPA repository interfaces.
2020-11-05 20:12:42,447 INFO org.springframework.boot.web.embedded.tomcat.TomcatWebServer [restartedMain] Tomcat initialized with port(s): 9500 (http)
2020-11-05 20:12:42,452 INFO org.apache.juli.logging.DirectJDKLog [restartedMain] Initializing ProtocolHandler ["http-nio-9500"]
2020-11-05 20:12:42,453 INFO org.apache.juli.logging.DirectJDKLog [restartedMain] Starting service [Tomcat]
2020-11-05 20:12:42,453 INFO org.apache.juli.logging.DirectJDKLog [restartedMain] Starting Servlet engine: [Apache Tomcat/9.0.38]
2020-11-05 20:12:42,545 INFO org.apache.juli.logging.DirectJDKLog [restartedMain] Initializing Spring embedded WebApplicationContext
2020-11-05 20:12:42,545 INFO org.springframework.boot.web.servlet.context.ServletWebServerApplicationContext [restartedMain] Root WebApplicationContext: initialization completed in 1074 ms
2020-11-05 20:12:42,651 INFO org.springframework.scheduling.concurrent.ExecutorConfigurationSupport [restartedMain] Initializing ExecutorService 'applicationTaskExecutor'
2020-11-05 20:12:42,678 INFO org.hibernate.jpa.internal.util.LogHelper [task-1] HHH000204: Processing PersistenceUnitInfo [name: default]
2020-11-05 20:12:42,709 INFO org.hibernate.Version [task-1] HHH000412: Hibernate ORM core version 5.4.21.Final
2020-11-05 20:12:42,870 INFO org.hibernate.annotations.common.reflection.java.JavaReflectionManager [task-1] HCANN000001: Hibernate Commons Annotations {5.1.0.Final}
2020-11-05 20:12:42,934 INFO com.zaxxer.hikari.HikariDataSource [task-1] HikariPool-1 - Starting...
2020-11-05 20:12:43,068 INFO com.zaxxer.hikari.HikariDataSource [task-1] HikariPool-1 - Start completed.
2020-11-05 20:12:43,081 INFO org.hibernate.dialect.Dialect [task-1] HHH000400: Using dialect: org.hibernate.dialect.MySQL55Dialect
2020-11-05 20:12:43,450 INFO org.hibernate.engine.transaction.jta.platform.internal.JtaPlatformInitiator [task-1] HHH000490: Using JtaPlatform implementation: [org.hibernate.engine.transaction.jta.platform.internal.NoJtaPlatform]
2020-11-05 20:12:43,456 INFO org.springframework.orm.jpa.AbstractEntityManagerFactoryBean [task-1] Initialized JPA EntityManagerFactory for persistence unit 'default'
2020-11-05 20:12:43,598 INFO org.springframework.boot.devtools.autoconfigure.OptionalLiveReloadServer [task-2] LiveReload server is running on port 35729
2020-11-05 20:12:43,621 WARN org.springframework.boot.autoconfigure.orm.jpa.JpaBaseConfiguration$JpaWebConfiguration [restartedMain] spring.jpa.open-in-view is enabled by default. Therefore, database queries may be performed during view rendering. Explicitly configure spring.jpa.open-in-view to disable this warning
2020-11-05 20:12:43,825 INFO org.apache.juli.logging.DirectJDKLog [restartedMain] Starting ProtocolHandler ["http-nio-9500"]
2020-11-05 20:12:43,838 INFO org.springframework.boot.web.embedded.tomcat.TomcatWebServer [restartedMain] Tomcat started on port(s): 9500 (http) with context path '/pk-sparkweb'
2020-11-05 20:12:43,839 INFO org.springframework.data.repository.config.DeferredRepositoryInitializationListener [restartedMain] Triggering deferred initialization of Spring Data repositories…
2020-11-05 20:12:43,839 INFO org.springframework.data.repository.config.DeferredRepositoryInitializationListener [restartedMain] Spring Data repositories initialized!
2020-11-05 20:12:43,846 INFO org.springframework.boot.StartupInfoLogger [restartedMain] Started SparkwebApplication in 2.762 seconds (JVM running for 4.332)
2020-11-05 20:12:47,911 INFO org.apache.juli.logging.DirectJDKLog [http-nio-9500-exec-1] Initializing Spring DispatcherServlet 'dispatcherServlet'
2020-11-05 20:12:47,912 INFO org.springframework.web.servlet.FrameworkServlet [http-nio-9500-exec-1] Initializing Servlet 'dispatcherServlet'
2020-11-05 20:12:47,916 INFO org.springframework.web.servlet.FrameworkServlet [http-nio-9500-exec-1] Completed initialization in 4 ms
2020-11-05 20:20:05,941 INFO org.springframework.boot.StartupInfoLogger [restartedMain] Starting SparkwebApplication on LAPTOP-O85QKSBQ with PID 14128 (E:\Develop\py-spark\pk-sparkweb\target\classes started by 32981 in E:\Develop\py-spark)
2020-11-05 20:20:05,944 INFO org.springframework.boot.SpringApplication [restartedMain] No active profile set, falling back to default profiles: default
2020-11-05 20:20:05,993 INFO org.springframework.boot.logging.DeferredLog [restartedMain] Devtools property defaults active! Set 'spring.devtools.add-properties' to 'false' to disable
2020-11-05 20:20:05,994 INFO org.springframework.boot.logging.DeferredLog [restartedMain] For additional web related logging consider setting the 'logging.level.web' property to 'DEBUG'
2020-11-05 20:20:06,545 INFO org.springframework.data.repository.config.RepositoryConfigurationDelegate [restartedMain] Bootstrapping Spring Data JPA repositories in DEFERRED mode.
2020-11-05 20:20:06,602 INFO org.springframework.data.repository.config.RepositoryConfigurationDelegate [restartedMain] Finished Spring Data repository scanning in 49ms. Found 1 JPA repository interfaces.
2020-11-05 20:20:07,125 INFO org.springframework.boot.web.embedded.tomcat.TomcatWebServer [restartedMain] Tomcat initialized with port(s): 9500 (http)
2020-11-05 20:20:07,130 INFO org.apache.juli.logging.DirectJDKLog [restartedMain] Initializing ProtocolHandler ["http-nio-9500"]
2020-11-05 20:20:07,131 INFO org.apache.juli.logging.DirectJDKLog [restartedMain] Starting service [Tomcat]
2020-11-05 20:20:07,131 INFO org.apache.juli.logging.DirectJDKLog [restartedMain] Starting Servlet engine: [Apache Tomcat/9.0.38]
2020-11-05 20:20:07,224 INFO org.apache.juli.logging.DirectJDKLog [restartedMain] Initializing Spring embedded WebApplicationContext
2020-11-05 20:20:07,224 INFO org.springframework.boot.web.servlet.context.ServletWebServerApplicationContext [restartedMain] Root WebApplicationContext: initialization completed in 1230 ms
2020-11-05 20:20:07,352 INFO org.springframework.scheduling.concurrent.ExecutorConfigurationSupport [restartedMain] Initializing ExecutorService 'applicationTaskExecutor'
2020-11-05 20:20:07,382 INFO org.hibernate.jpa.internal.util.LogHelper [task-1] HHH000204: Processing PersistenceUnitInfo [name: default]
2020-11-05 20:20:07,425 INFO org.hibernate.Version [task-1] HHH000412: Hibernate ORM core version 5.4.21.Final
2020-11-05 20:20:07,597 INFO org.hibernate.annotations.common.reflection.java.JavaReflectionManager [task-1] HCANN000001: Hibernate Commons Annotations {5.1.0.Final}
2020-11-05 20:20:07,660 INFO com.zaxxer.hikari.HikariDataSource [task-1] HikariPool-1 - Starting...
2020-11-05 20:20:07,782 INFO com.zaxxer.hikari.HikariDataSource [task-1] HikariPool-1 - Start completed.
2020-11-05 20:20:07,795 INFO org.hibernate.dialect.Dialect [task-1] HHH000400: Using dialect: org.hibernate.dialect.MySQL55Dialect
2020-11-05 20:20:08,145 INFO org.hibernate.engine.transaction.jta.platform.internal.JtaPlatformInitiator [task-1] HHH000490: Using JtaPlatform implementation: [org.hibernate.engine.transaction.jta.platform.internal.NoJtaPlatform]
2020-11-05 20:20:08,151 INFO org.springframework.orm.jpa.AbstractEntityManagerFactoryBean [task-1] Initialized JPA EntityManagerFactory for persistence unit 'default'
2020-11-05 20:20:08,291 WARN org.springframework.boot.autoconfigure.orm.jpa.JpaBaseConfiguration$JpaWebConfiguration [restartedMain] spring.jpa.open-in-view is enabled by default. Therefore, database queries may be performed during view rendering. Explicitly configure spring.jpa.open-in-view to disable this warning
2020-11-05 20:20:08,315 INFO org.springframework.boot.devtools.autoconfigure.OptionalLiveReloadServer [task-2] LiveReload server is running on port 35729
2020-11-05 20:20:08,535 INFO org.apache.juli.logging.DirectJDKLog [restartedMain] Starting ProtocolHandler ["http-nio-9500"]
2020-11-05 20:20:08,549 INFO org.springframework.boot.web.embedded.tomcat.TomcatWebServer [restartedMain] Tomcat started on port(s): 9500 (http) with context path '/pk-sparkweb'
2020-11-05 20:20:08,550 INFO org.springframework.data.repository.config.DeferredRepositoryInitializationListener [restartedMain] Triggering deferred initialization of Spring Data repositories…
2020-11-05 20:20:08,550 INFO org.springframework.data.repository.config.DeferredRepositoryInitializationListener [restartedMain] Spring Data repositories initialized!
2020-11-05 20:20:08,556 INFO org.springframework.boot.StartupInfoLogger [restartedMain] Started SparkwebApplication in 2.944 seconds (JVM running for 4.512)
2020-11-05 20:20:15,722 INFO org.apache.juli.logging.DirectJDKLog [http-nio-9500-exec-1] Initializing Spring DispatcherServlet 'dispatcherServlet'
2020-11-05 20:20:15,722 INFO org.springframework.web.servlet.FrameworkServlet [http-nio-9500-exec-1] Initializing Servlet 'dispatcherServlet'
2020-11-05 20:20:15,726 INFO org.springframework.web.servlet.FrameworkServlet [http-nio-9500-exec-1] Completed initialization in 4 ms
2020-11-05 20:20:34,837 INFO org.springframework.boot.StartupInfoLogger [restartedMain] Starting SparkwebApplication on LAPTOP-O85QKSBQ with PID 35636 (E:\Develop\py-spark\pk-sparkweb\target\classes started by 32981 in E:\Develop\py-spark)
2020-11-05 20:20:34,840 INFO org.springframework.boot.SpringApplication [restartedMain] No active profile set, falling back to default profiles: default
2020-11-05 20:20:34,886 INFO org.springframework.boot.logging.DeferredLog [restartedMain] Devtools property defaults active! Set 'spring.devtools.add-properties' to 'false' to disable
2020-11-05 20:20:34,886 INFO org.springframework.boot.logging.DeferredLog [restartedMain] For additional web related logging consider setting the 'logging.level.web' property to 'DEBUG'
2020-11-05 20:20:35,384 INFO org.springframework.data.repository.config.RepositoryConfigurationDelegate [restartedMain] Bootstrapping Spring Data JPA repositories in DEFERRED mode.
2020-11-05 20:20:35,435 INFO org.springframework.data.repository.config.RepositoryConfigurationDelegate [restartedMain] Finished Spring Data repository scanning in 44ms. Found 1 JPA repository interfaces.
2020-11-05 20:20:35,884 INFO org.springframework.boot.web.embedded.tomcat.TomcatWebServer [restartedMain] Tomcat initialized with port(s): 9500 (http)
2020-11-05 20:20:35,890 INFO org.apache.juli.logging.DirectJDKLog [restartedMain] Initializing ProtocolHandler ["http-nio-9500"]
2020-11-05 20:20:35,891 INFO org.apache.juli.logging.DirectJDKLog [restartedMain] Starting service [Tomcat]
2020-11-05 20:20:35,891 INFO org.apache.juli.logging.DirectJDKLog [restartedMain] Starting Servlet engine: [Apache Tomcat/9.0.38]
2020-11-05 20:20:35,982 INFO org.apache.juli.logging.DirectJDKLog [restartedMain] Initializing Spring embedded WebApplicationContext
2020-11-05 20:20:35,982 INFO org.springframework.boot.web.servlet.context.ServletWebServerApplicationContext [restartedMain] Root WebApplicationContext: initialization completed in 1095 ms
2020-11-05 20:20:36,090 INFO org.springframework.scheduling.concurrent.ExecutorConfigurationSupport [restartedMain] Initializing ExecutorService 'applicationTaskExecutor'
2020-11-05 20:20:36,120 INFO org.hibernate.jpa.internal.util.LogHelper [task-1] HHH000204: Processing PersistenceUnitInfo [name: default]
2020-11-05 20:20:36,156 INFO org.hibernate.Version [task-1] HHH000412: Hibernate ORM core version 5.4.21.Final
2020-11-05 20:20:36,321 INFO org.hibernate.annotations.common.reflection.java.JavaReflectionManager [task-1] HCANN000001: Hibernate Commons Annotations {5.1.0.Final}
2020-11-05 20:20:36,386 INFO com.zaxxer.hikari.HikariDataSource [task-1] HikariPool-1 - Starting...
2020-11-05 20:20:36,515 INFO com.zaxxer.hikari.HikariDataSource [task-1] HikariPool-1 - Start completed.
2020-11-05 20:20:36,528 INFO org.hibernate.dialect.Dialect [task-1] HHH000400: Using dialect: org.hibernate.dialect.MySQL55Dialect
2020-11-05 20:20:36,893 INFO org.hibernate.engine.transaction.jta.platform.internal.JtaPlatformInitiator [task-1] HHH000490: Using JtaPlatform implementation: [org.hibernate.engine.transaction.jta.platform.internal.NoJtaPlatform]
2020-11-05 20:20:36,898 INFO org.springframework.orm.jpa.AbstractEntityManagerFactoryBean [task-1] Initialized JPA EntityManagerFactory for persistence unit 'default'
2020-11-05 20:20:37,037 INFO org.springframework.boot.devtools.autoconfigure.OptionalLiveReloadServer [task-2] LiveReload server is running on port 35729
2020-11-05 20:20:37,061 WARN org.springframework.boot.autoconfigure.orm.jpa.JpaBaseConfiguration$JpaWebConfiguration [restartedMain] spring.jpa.open-in-view is enabled by default. Therefore, database queries may be performed during view rendering. Explicitly configure spring.jpa.open-in-view to disable this warning
2020-11-05 20:20:37,281 INFO org.apache.juli.logging.DirectJDKLog [restartedMain] Starting ProtocolHandler ["http-nio-9500"]
2020-11-05 20:20:37,294 INFO org.springframework.boot.web.embedded.tomcat.TomcatWebServer [restartedMain] Tomcat started on port(s): 9500 (http) with context path '/pk-sparkweb'
2020-11-05 20:20:37,295 INFO org.springframework.data.repository.config.DeferredRepositoryInitializationListener [restartedMain] Triggering deferred initialization of Spring Data repositories…
2020-11-05 20:20:37,295 INFO org.springframework.data.repository.config.DeferredRepositoryInitializationListener [restartedMain] Spring Data repositories initialized!
2020-11-05 20:20:37,301 INFO org.springframework.boot.StartupInfoLogger [restartedMain] Started SparkwebApplication in 2.782 seconds (JVM running for 4.223)
2020-11-05 20:20:41,181 INFO org.apache.juli.logging.DirectJDKLog [http-nio-9500-exec-1] Initializing Spring DispatcherServlet 'dispatcherServlet'
2020-11-05 20:20:41,181 INFO org.springframework.web.servlet.FrameworkServlet [http-nio-9500-exec-1] Initializing Servlet 'dispatcherServlet'
2020-11-05 20:20:41,185 INFO org.springframework.web.servlet.FrameworkServlet [http-nio-9500-exec-1] Completed initialization in 4 ms
