2020-11-04 19:21:01,336 INFO org.springframework.boot.StartupInfoLogger [restartedMain] Starting SparkwebApplication on LAPTOP-O85QKSBQ with PID 14800 (E:\Develop\py-spark\pk-sparkweb\target\classes started by 32981 in E:\Develop\py-spark)
2020-11-04 19:21:01,339 INFO org.springframework.boot.SpringApplication [restartedMain] No active profile set, falling back to default profiles: default
2020-11-04 19:21:01,378 INFO org.springframework.boot.logging.DeferredLog [restartedMain] Devtools property defaults active! Set 'spring.devtools.add-properties' to 'false' to disable
2020-11-04 19:21:01,378 INFO org.springframework.boot.logging.DeferredLog [restartedMain] For additional web related logging consider setting the 'logging.level.web' property to 'DEBUG'
2020-11-04 19:21:02,094 INFO org.springframework.boot.web.embedded.tomcat.TomcatWebServer [restartedMain] Tomcat initialized with port(s): 9500 (http)
2020-11-04 19:21:02,102 INFO org.apache.juli.logging.DirectJDKLog [restartedMain] Initializing ProtocolHandler ["http-nio-9500"]
2020-11-04 19:21:02,103 INFO org.apache.juli.logging.DirectJDKLog [restartedMain] Starting service [Tomcat]
2020-11-04 19:21:02,103 INFO org.apache.juli.logging.DirectJDKLog [restartedMain] Starting Servlet engine: [Apache Tomcat/9.0.39]
2020-11-04 19:21:02,205 INFO org.apache.juli.logging.DirectJDKLog [restartedMain] Initializing Spring embedded WebApplicationContext
2020-11-04 19:21:02,205 INFO org.springframework.boot.web.servlet.context.ServletWebServerApplicationContext [restartedMain] Root WebApplicationContext: initialization completed in 826 ms
2020-11-04 19:21:02,335 INFO org.springframework.scheduling.concurrent.ExecutorConfigurationSupport [restartedMain] Initializing ExecutorService 'applicationTaskExecutor'
2020-11-04 19:21:02,435 INFO org.springframework.boot.devtools.autoconfigure.OptionalLiveReloadServer [restartedMain] LiveReload server is running on port 35729
2020-11-04 19:21:02,444 INFO org.apache.juli.logging.DirectJDKLog [restartedMain] Starting ProtocolHandler ["http-nio-9500"]
2020-11-04 19:21:02,458 INFO org.springframework.boot.web.embedded.tomcat.TomcatWebServer [restartedMain] Tomcat started on port(s): 9500 (http) with context path '/pk-sparkweb'
2020-11-04 19:21:02,466 INFO org.springframework.boot.StartupInfoLogger [restartedMain] Started SparkwebApplication in 1.826 seconds (JVM running for 3.238)
2020-11-04 19:22:01,831 INFO org.apache.juli.logging.DirectJDKLog [http-nio-9500-exec-2] Initializing Spring DispatcherServlet 'dispatcherServlet'
2020-11-04 19:22:01,832 INFO org.springframework.web.servlet.FrameworkServlet [http-nio-9500-exec-2] Initializing Servlet 'dispatcherServlet'
2020-11-04 19:22:01,835 INFO org.springframework.web.servlet.FrameworkServlet [http-nio-9500-exec-2] Completed initialization in 3 ms
2020-11-04 19:48:56,065 INFO org.springframework.boot.StartupInfoLogger [restartedMain] Starting SparkwebApplication on LAPTOP-O85QKSBQ with PID 29860 (E:\Develop\py-spark\pk-sparkweb\target\classes started by 32981 in E:\Develop\py-spark)
2020-11-04 19:48:56,078 INFO org.springframework.boot.SpringApplication [restartedMain] No active profile set, falling back to default profiles: default
2020-11-04 19:48:56,118 INFO org.springframework.boot.logging.DeferredLog [restartedMain] Devtools property defaults active! Set 'spring.devtools.add-properties' to 'false' to disable
2020-11-04 19:48:56,118 INFO org.springframework.boot.logging.DeferredLog [restartedMain] For additional web related logging consider setting the 'logging.level.web' property to 'DEBUG'
2020-11-04 19:48:57,096 INFO org.springframework.data.repository.config.RepositoryConfigurationDelegate [restartedMain] Bootstrapping Spring Data JPA repositories in DEFERRED mode.
2020-11-04 19:48:57,126 INFO org.springframework.data.repository.config.RepositoryConfigurationDelegate [restartedMain] Finished Spring Data repository scanning in 9ms. Found 0 JPA repository interfaces.
2020-11-04 19:48:57,896 INFO org.springframework.boot.web.embedded.tomcat.TomcatWebServer [restartedMain] Tomcat initialized with port(s): 9500 (http)
2020-11-04 19:48:57,905 INFO org.apache.juli.logging.DirectJDKLog [restartedMain] Initializing ProtocolHandler ["http-nio-9500"]
2020-11-04 19:48:57,906 INFO org.apache.juli.logging.DirectJDKLog [restartedMain] Starting service [Tomcat]
2020-11-04 19:48:57,906 INFO org.apache.juli.logging.DirectJDKLog [restartedMain] Starting Servlet engine: [Apache Tomcat/9.0.38]
2020-11-04 19:48:58,029 INFO org.apache.juli.logging.DirectJDKLog [restartedMain] Initializing Spring embedded WebApplicationContext
2020-11-04 19:48:58,029 INFO org.springframework.boot.web.servlet.context.ServletWebServerApplicationContext [restartedMain] Root WebApplicationContext: initialization completed in 1911 ms
2020-11-04 19:48:58,298 INFO org.springframework.scheduling.concurrent.ExecutorConfigurationSupport [restartedMain] Initializing ExecutorService 'applicationTaskExecutor'
2020-11-04 19:48:58,339 INFO org.hibernate.jpa.internal.util.LogHelper [task-1] HHH000204: Processing PersistenceUnitInfo [name: default]
2020-11-04 19:48:58,377 WARN org.springframework.boot.autoconfigure.orm.jpa.JpaBaseConfiguration$JpaWebConfiguration [restartedMain] spring.jpa.open-in-view is enabled by default. Therefore, database queries may be performed during view rendering. Explicitly configure spring.jpa.open-in-view to disable this warning
2020-11-04 19:48:58,389 INFO org.hibernate.Version [task-1] HHH000412: Hibernate ORM core version 5.4.21.Final
2020-11-04 19:48:59,082 INFO org.hibernate.annotations.common.reflection.java.JavaReflectionManager [task-1] HCANN000001: Hibernate Commons Annotations {5.1.0.Final}
2020-11-04 19:48:59,136 INFO org.springframework.boot.devtools.autoconfigure.OptionalLiveReloadServer [restartedMain] LiveReload server is running on port 35729
2020-11-04 19:48:59,160 INFO org.apache.juli.logging.DirectJDKLog [restartedMain] Starting ProtocolHandler ["http-nio-9500"]
2020-11-04 19:48:59,189 INFO org.springframework.boot.web.embedded.tomcat.TomcatWebServer [restartedMain] Tomcat started on port(s): 9500 (http) with context path '/pk-sparkweb'
2020-11-04 19:48:59,190 INFO org.springframework.data.repository.config.DeferredRepositoryInitializationListener [restartedMain] Triggering deferred initialization of Spring Data repositories…
2020-11-04 19:48:59,191 INFO org.springframework.data.repository.config.DeferredRepositoryInitializationListener [restartedMain] Spring Data repositories initialized!
2020-11-04 19:48:59,197 INFO org.springframework.boot.StartupInfoLogger [restartedMain] Started SparkwebApplication in 6.843 seconds (JVM running for 14.329)
2020-11-04 19:48:59,205 INFO com.zaxxer.hikari.HikariDataSource [task-1] HikariPool-1 - Starting...
2020-11-04 19:49:00,066 INFO com.zaxxer.hikari.HikariDataSource [task-1] HikariPool-1 - Start completed.
2020-11-04 19:49:00,078 INFO org.hibernate.dialect.Dialect [task-1] HHH000400: Using dialect: org.hibernate.dialect.MySQL55Dialect
2020-11-04 19:49:01,177 INFO org.hibernate.engine.transaction.jta.platform.internal.JtaPlatformInitiator [task-1] HHH000490: Using JtaPlatform implementation: [org.hibernate.engine.transaction.jta.platform.internal.NoJtaPlatform]
2020-11-04 19:49:01,183 INFO org.springframework.orm.jpa.AbstractEntityManagerFactoryBean [task-1] Initialized JPA EntityManagerFactory for persistence unit 'default'
